The following COBY arguments will be processed:
COBY(
    box = [
        12,
        12,
        14,
    ],
    box_type = "rectangular",
    membrane = "lipid:POPE:75:params:default lipid:POPG:20:params:default",
    protein = "file:/khalid/k016/magd5822/work/CCPBioSimPractical/6AL2_CG.pdb moleculetypes:molecule_0 cz:-1.0",
    solvation = "solv:W pos:NA neg:CL salt_molarity:0.15",
    itp_input = [
        "include:toppar/M3-Lipid-Parameters/ITPs/martini_v3.0.0.itp",
        "include:toppar/M3-Lipid-Parameters/ITPs/martini_v3.0.0_ffbonded_v2.itp",
        "include:toppar/M3-Lipid-Parameters/ITPs/martini_v3.0.0_ions_v1.itp",
        "include:toppar/M3-Lipid-Parameters/ITPs/martini_v3.0.0_solvents_v1.itp",
        "include:toppar/M3-Lipid-Parameters/ITPs/martini_v3.0.0_phospholipids_PE_v2.itp",
        "include:toppar/M3-Lipid-Parameters/ITPs/martini_v3.0.0_phospholipids_PG_v2.itp",
        "include:molecule_0.itp",
    ],
    out_sys = "output_initial_state",
    out_top = "topol.top",
    out_log = "log_initial_state.log",
    sn = "initial_state",
)
Setting random seed to: 3
-------------------------- PREPROCESSING DEFINITIONS ---------------------------
Loading topology file(s)
    Finished loading topologies. Number of moleculetypes found: 158 

Preprocessing lipid scaffolds
    Number of lipids preprocessed: 6109 

Preprocessing lipid definitions
    Number of lipids preprocessed: 0 

Preprocessing ion definitions
    Number of positive ions preprocessed: 12
    Number of negative ions preprocessed: 15 

Preprocessing solvent definitions
    Number of solvents preprocessed: 74
---------------------- DEFINITIONS PREPROCESSING COMPLETE ----------------------
                            (Time spent: 0.5385 [s])                            

---------------------------- PREPROCESSING COMMANDS ----------------------------
Preprocessing protein requests
    Starting protein: 1
    Number of molecule insertions preprocessed: 1
Preprocessing membrane requests
    Starting membrane argument: 1
    Number of membranes preprocessed: 1
Preprocessing solvation requests
    Starting solvation argument: 1
    Number of solvent commands preprocessed: 1
------------------------ COMMAND PREPROCESSING COMPLETE ------------------------
                            (Time spent: 0.0067 [s])                            

------------------------------ PROTEIN PLACEMENT -------------------------------
Starting protein nr 1
    Total charge of protein is: -3.0
    Centering protein using 'cog' at x/y/z: -20.132 27.663 -20.72 (Input file coordinate system [Å])
    New protein center at x/y/z: 0 0 -10.0 (Internal coordinate system [Å])
    Finished placing protein nr 1
-------------------------- PROTEIN PLACEMENT COMPLETE --------------------------
                            (Time spent: 0.0051 [s])                             

----------------------- CREATING LEAFLET BOUNDARY BOXES ------------------------
Starting membrane nr 1
    Starting upper leaflet
        Base parameters: x=12.0nm y=12.0nm APL=0.6nm^2
    Starting lower leaflet
        Base parameters: x=12.0nm y=12.0nm APL=0.6nm^2
------------------------ LEAFLET BOUNDARY BOXES CREATED ------------------------
                            (Time spent: 0.0012 [s])                             

------------------------ CREATING HOLED BOUNDARY BOXES -------------------------
Starting membrane nr 1
    Finding protein beads inside leaflets
        Starting upper leaflet
            203 protein beads found within leaflet

        Starting lower leaflet
            337 protein beads found within leaflet

    Calculating holed boundary box
        Starting upper leaflet
        Starting lower leaflet
------------------------- HOLED BOUNDARY BOXES CREATED -------------------------
                            (Time spent: 0.2637 [s])                             

--------------------------- CALCULATING LIPID RATIOS ---------------------------
Starting membrane nr 1
    Starting upper leaflet
        Lipid optimization 'lipid_optim' setting: force_fill
            Forcefully filling leaflet until all grid points have a lipid

            Maximum number of lipids allowed in subleaflet: 224
            
        Maximum number of lipids allowed in leaflet: 224
        Final deviations from expected ratios: Difference in %-values
            Maximum: 0.071
            Average: 0.071
            Minimum: 0.071
        Leaflet specific lipid data (Combined subleafs)
            Name : Final lipids : Final % : Expected % : Starting % : Starting lipids
            POPE : 177          : 79.018  : 78.947     : 78.924     : 176            
            POPG : 47           : 20.982  : 21.053     : 21.076     : 47             

    Starting lower leaflet
        Lipid optimization 'lipid_optim' setting: force_fill
            Forcefully filling leaflet until all grid points have a lipid

            Maximum number of lipids allowed in subleaflet: 214
            
        Maximum number of lipids allowed in leaflet: 214
        Final deviations from expected ratios: Difference in %-values
            Maximum: 0.025
            Average: 0.025
            Minimum: 0.025
        Leaflet specific lipid data (Combined subleafs)
            Name : Final lipids : Final % : Expected % : Starting % : Starting lipids
            POPE : 169          : 78.972  : 78.947     : 78.873     : 168            
            POPG : 45           : 21.028  : 21.053     : 21.127     : 45             

    Membrane-wide lipid data
            Name : Total lipids : Total %
            POPE : 346          : 78.995 
            POPG : 92           : 21.005 
---------------------- LIPID RATIO CALCULATIONS COMPLETE -----------------------
                            (Time spent: 0.0012 [s])                             

----------------------------- CREATING LIPID GRID ------------------------------
Starting membrane nr 1
    Starting upper leaflet
            Total leaflet optimization time: 0.1886 [s]

    Starting lower leaflet
            Total leaflet optimization time: 0.1687 [s]
------------------------------ LIPID GRID CREATED ------------------------------
                            (Time spent: 0.3891 [s])                             

------------------------------- CREATING LIPIDS --------------------------------
Starting membrane nr 1
    Starting upper leaflet
    Starting lower leaflet
--------------------------- LIPID CREATION COMPLETE ----------------------------
                            (Time spent: 0.0756 [s])                             

------------------------------- SOLVATING SYSTEM -------------------------------
Starting solvation nr 1
    Calculating box volume: (all values in [nm^3])
        Bead radius used for volume calculations 'bead_radius': 0.264 [nm]
        Solvent box volume: 2016.0
        Excluded volume:    580.511
            Solute volume:  0.0
            Lipid volume:   405.094
            Protein volume: 87.709
        Free volume:        1435.489
        Solvent volume:     1441.653

    Solvent box charge information:
        Solvent box charge before solvent insertion: -95.0
            Prior solvent beads:  0
            Lipid beads:          -92.0
            Protein beads:        -3.0
        Solvent box charge after solvent insertion:  0.0
            New solvent beads: 95.0
                Solvent       (solv): 0
                Positive ions (pos):  225.0
                Negative ions (neg):  -130.0

    Calculating the number of available grid points
        Final number of 3D grid points available for molecule placement: 68467
        Inserting 12363 solvent molecules into random grid points:
            Currently at solvent number: 1
            Currently at solvent number: 12363

Solvent data for whole system
        Name : Totals : Total % : Molarity(box) : Molarity(free) : Molarity(solvent) : Charge
        W    : 12008  : 97.129  : 9.891         : 13.091         : 13.831            : 0     
        NA   : 225    : 1.82    : 0.185         : 0.245          : 0.259             : 1.0   
        CL   : 130    : 1.052   : 0.107         : 0.142          : 0.15              : -1.0  
------------------------------ SOLVATION COMPLETE ------------------------------
                            (Time spent: 0.107 [s])                              

                          +--------------------------+                          
--------------------------+ FINAL SYSTEM CHARGE: 0.0 +--------------------------
                          +--------------------------+                          

-------------------------------- WRITING FILES ---------------------------------
Writing structure files (PDB/GRO)
    PDB file written: output_initial_state.pdb
    GRO file written: output_initial_state.gro
    CIF file written: output_initial_state.cif

Writing topology file (TOP)
    TOP file written: topol.top 

Writing log file (LOG)
